{
  "stats": {
    "suites": 1,
    "tests": 13,
    "passes": 12,
    "pending": 0,
    "failures": 1,
    "start": "2019-10-22T11:54:24.915Z",
    "end": "2019-10-22T11:54:38.101Z",
    "duration": 13186,
    "testsRegistered": 14,
    "passPercent": 85.71428571428571,
    "pendingPercent": 0,
    "other": 0,
    "hasOther": false,
    "skipped": 1,
    "hasSkipped": true
  },
  "results": [
    {
      "uuid": "1c19a848-446a-4625-b738-c734797f8676",
      "title": "",
      "fullFile": "",
      "file": "",
      "beforeHooks": [],
      "afterHooks": [],
      "tests": [
        {
          "title": "Call #15 - This call is called after 58 Second delayy and should return 200 - Making an API call from 127.0.0.1 to /get/image1.jpg",
          "fullTitle": " Call #15 - This call is called after 58 Second delayy and should return 200 - Making an API call from 127.0.0.1 to /get/image1.jpg",
          "timedOut": false,
          "duration": 0,
          "state": null,
          "speed": null,
          "pass": false,
          "fail": false,
          "pending": false,
          "context": null,
          "code": "chai\n                    .request(server)\n                    .get(endpoint1)\n                    .set(\"X-Forwarded-For\", mockedIP)\n                    .end((err, res) => {\n                        expect(res).to.have.status(200);\n                        done();\n                    });",
          "err": {},
          "uuid": "17338cea-ce89-4f39-a68d-7460403e9838",
          "parentUUID": "1c19a848-446a-4625-b738-c734797f8676",
          "isHook": false,
          "skipped": true
        }
      ],
      "suites": [
        {
          "uuid": "0afdbc6c-783d-482b-bb3d-f04ce27a0ee8",
          "title": "server() api calls.",
          "fullFile": "c:\\code\\node-api-rate-limit\\test\\app.test.js",
          "file": "\\test\\app.test.js",
          "beforeHooks": [],
          "afterHooks": [
            {
              "title": "\"after all\" hook",
              "fullTitle": "server() api calls. \"after all\" hook",
              "timedOut": false,
              "duration": 0,
              "state": null,
              "speed": null,
              "pass": false,
              "fail": false,
              "pending": false,
              "context": null,
              "code": "count++;\nit(`Call #${count} - This call is called after 58 Second delayy and should return 200 - Making an API call from ${localIP} to ${endpoint1}`, done => {\n    chai\n        .request(server)\n        .get(endpoint1)\n        .set(\"X-Forwarded-For\", mockedIP)\n        .end((err, res) => {\n            expect(res).to.have.status(200);\n            done();\n        });\n})",
              "err": {},
              "uuid": "a860d81a-db9f-4775-8c5f-9fba773c1b4e",
              "parentUUID": "0afdbc6c-783d-482b-bb3d-f04ce27a0ee8",
              "isHook": true,
              "skipped": false
            },
            {
              "title": "\"after each\" hook",
              "fullTitle": "server() api calls. \"after each\" hook",
              "timedOut": false,
              "duration": 1002,
              "state": null,
              "speed": null,
              "pass": false,
              "fail": false,
              "pending": false,
              "context": null,
              "code": "setTimeout(function() {\n    done();\n    // count to 1 second\n}, 1000);",
              "err": {},
              "uuid": "acd4cf67-96dd-4fb4-9346-b3bb0b135273",
              "parentUUID": "0afdbc6c-783d-482b-bb3d-f04ce27a0ee8",
              "isHook": true,
              "skipped": false
            }
          ],
          "tests": [
            {
              "title": "Call #1 - Making an API call from 127.0.0.1 to /get/image1.jpg",
              "fullTitle": "server() api calls. Call #1 - Making an API call from 127.0.0.1 to /get/image1.jpg",
              "timedOut": false,
              "duration": 34,
              "state": "passed",
              "speed": "fast",
              "pass": true,
              "fail": false,
              "pending": false,
              "context": null,
              "code": "chai\n                .request(server)\n                .get(endpoint1)\n                .end((err, res) => {\n                    expect(res).to.have.status(200);\n                    done();\n                });",
              "err": {},
              "uuid": "62d0e873-6574-4385-9fc6-e353d5d89407",
              "parentUUID": "0afdbc6c-783d-482b-bb3d-f04ce27a0ee8",
              "isHook": false,
              "skipped": false
            },
            {
              "title": "Call #2 - Making an API call from 127.0.0.1 to /get/image1.jpg",
              "fullTitle": "server() api calls. Call #2 - Making an API call from 127.0.0.1 to /get/image1.jpg",
              "timedOut": false,
              "duration": 12,
              "state": "passed",
              "speed": "fast",
              "pass": true,
              "fail": false,
              "pending": false,
              "context": null,
              "code": "chai\n                .request(server)\n                .get(endpoint1)\n                .end((err, res) => {\n                    expect(res).to.have.status(200);\n                    done();\n                });",
              "err": {},
              "uuid": "6cec0c69-7399-4e92-aef1-966f2ad56337",
              "parentUUID": "0afdbc6c-783d-482b-bb3d-f04ce27a0ee8",
              "isHook": false,
              "skipped": false
            },
            {
              "title": "Call #3 - Making an API call from 127.0.0.1 to /get/image1.jpg",
              "fullTitle": "server() api calls. Call #3 - Making an API call from 127.0.0.1 to /get/image1.jpg",
              "timedOut": false,
              "duration": 3,
              "state": "passed",
              "speed": "fast",
              "pass": true,
              "fail": false,
              "pending": false,
              "context": null,
              "code": "chai\n                .request(server)\n                .get(endpoint1)\n                .end((err, res) => {\n                    expect(res).to.have.status(200);\n                    done();\n                });",
              "err": {},
              "uuid": "9a9b5098-26c0-4bab-b3bd-d36a6a887dd8",
              "parentUUID": "0afdbc6c-783d-482b-bb3d-f04ce27a0ee8",
              "isHook": false,
              "skipped": false
            },
            {
              "title": "Call #4 - Making an API call from 127.0.0.1 to /get/image1.jpg",
              "fullTitle": "server() api calls. Call #4 - Making an API call from 127.0.0.1 to /get/image1.jpg",
              "timedOut": false,
              "duration": 7,
              "state": "passed",
              "speed": "fast",
              "pass": true,
              "fail": false,
              "pending": false,
              "context": null,
              "code": "chai\n                .request(server)\n                .get(endpoint1)\n                .end((err, res) => {\n                    expect(res).to.have.status(200);\n                    done();\n                });",
              "err": {},
              "uuid": "ba66ad30-22f6-483c-8dd3-b8df7236c328",
              "parentUUID": "0afdbc6c-783d-482b-bb3d-f04ce27a0ee8",
              "isHook": false,
              "skipped": false
            },
            {
              "title": "Call #5 - Making an API call from 127.0.0.1 to /get/image1.jpg",
              "fullTitle": "server() api calls. Call #5 - Making an API call from 127.0.0.1 to /get/image1.jpg",
              "timedOut": false,
              "duration": 3,
              "state": "passed",
              "speed": "fast",
              "pass": true,
              "fail": false,
              "pending": false,
              "context": null,
              "code": "chai\n                .request(server)\n                .get(endpoint1)\n                .end((err, res) => {\n                    expect(res).to.have.status(200);\n                    done();\n                });",
              "err": {},
              "uuid": "dc89bc78-957f-4640-a2f7-8983d418ecbf",
              "parentUUID": "0afdbc6c-783d-482b-bb3d-f04ce27a0ee8",
              "isHook": false,
              "skipped": false
            },
            {
              "title": "Call #6 - Making an API call from 127.0.0.1 to /get/image1.jpg",
              "fullTitle": "server() api calls. Call #6 - Making an API call from 127.0.0.1 to /get/image1.jpg",
              "timedOut": false,
              "duration": 10,
              "state": "passed",
              "speed": "fast",
              "pass": true,
              "fail": false,
              "pending": false,
              "context": null,
              "code": "chai\n                .request(server)\n                .get(endpoint1)\n                .end((err, res) => {\n                    expect(res).to.have.status(200);\n                    done();\n                });",
              "err": {},
              "uuid": "05575505-a89f-411c-832e-fa1ca31a24a0",
              "parentUUID": "0afdbc6c-783d-482b-bb3d-f04ce27a0ee8",
              "isHook": false,
              "skipped": false
            },
            {
              "title": "Call #7 - Making an API call from 127.0.0.1 to /get/image1.jpg",
              "fullTitle": "server() api calls. Call #7 - Making an API call from 127.0.0.1 to /get/image1.jpg",
              "timedOut": false,
              "duration": 7,
              "state": "passed",
              "speed": "fast",
              "pass": true,
              "fail": false,
              "pending": false,
              "context": null,
              "code": "chai\n                .request(server)\n                .get(endpoint1)\n                .end((err, res) => {\n                    expect(res).to.have.status(200);\n                    done();\n                });",
              "err": {},
              "uuid": "8f35888c-1c41-478d-a4d9-8c8eb61f2920",
              "parentUUID": "0afdbc6c-783d-482b-bb3d-f04ce27a0ee8",
              "isHook": false,
              "skipped": false
            },
            {
              "title": "Call #8 - Making an API call from 127.0.0.1 to /get/image1.jpg",
              "fullTitle": "server() api calls. Call #8 - Making an API call from 127.0.0.1 to /get/image1.jpg",
              "timedOut": false,
              "duration": 7,
              "state": "passed",
              "speed": "fast",
              "pass": true,
              "fail": false,
              "pending": false,
              "context": null,
              "code": "chai\n                .request(server)\n                .get(endpoint1)\n                .end((err, res) => {\n                    expect(res).to.have.status(200);\n                    done();\n                });",
              "err": {},
              "uuid": "050da104-cae3-4894-bc09-b6759e4cbfc9",
              "parentUUID": "0afdbc6c-783d-482b-bb3d-f04ce27a0ee8",
              "isHook": false,
              "skipped": false
            },
            {
              "title": "Call #9 - Making an API call from 127.0.0.1 to /get/image1.jpg",
              "fullTitle": "server() api calls. Call #9 - Making an API call from 127.0.0.1 to /get/image1.jpg",
              "timedOut": false,
              "duration": 5,
              "state": "passed",
              "speed": "fast",
              "pass": true,
              "fail": false,
              "pending": false,
              "context": null,
              "code": "chai\n                .request(server)\n                .get(endpoint1)\n                .end((err, res) => {\n                    expect(res).to.have.status(200);\n                    done();\n                });",
              "err": {},
              "uuid": "551e49d1-c496-42b4-8467-69ad2fa06047",
              "parentUUID": "0afdbc6c-783d-482b-bb3d-f04ce27a0ee8",
              "isHook": false,
              "skipped": false
            },
            {
              "title": "Call #10 - Making an API call from 127.0.0.1 to /get/image1.jpg",
              "fullTitle": "server() api calls. Call #10 - Making an API call from 127.0.0.1 to /get/image1.jpg",
              "timedOut": false,
              "duration": 5,
              "state": "passed",
              "speed": "fast",
              "pass": true,
              "fail": false,
              "pending": false,
              "context": null,
              "code": "chai\n                .request(server)\n                .get(endpoint1)\n                .end((err, res) => {\n                    expect(res).to.have.status(200);\n                    done();\n                });",
              "err": {},
              "uuid": "a00e4a48-57ff-47f6-ba6b-1f9e94ed97d5",
              "parentUUID": "0afdbc6c-783d-482b-bb3d-f04ce27a0ee8",
              "isHook": false,
              "skipped": false
            },
            {
              "title": "Call #12 - This call should return a 401 - Making an API call from 127.0.0.1 to /get/image1.jpg",
              "fullTitle": "server() api calls. Call #12 - This call should return a 401 - Making an API call from 127.0.0.1 to /get/image1.jpg",
              "timedOut": false,
              "duration": 11,
              "state": "passed",
              "speed": "fast",
              "pass": true,
              "fail": false,
              "pending": false,
              "context": null,
              "code": "chai\n            .request(server)\n            .get(endpoint1)\n            .end((err, res) => {\n                expect(res).to.have.status(401);\n                done();\n            });",
              "err": {},
              "uuid": "fad60392-a0d8-43e0-ae35-d9d5436313f8",
              "parentUUID": "0afdbc6c-783d-482b-bb3d-f04ce27a0ee8",
              "isHook": false,
              "skipped": false
            },
            {
              "title": "Call #13 - This call is to a different endpoint should return 200 - Making an API call from 127.0.0.1 to /get/image2.jpg",
              "fullTitle": "server() api calls. Call #13 - This call is to a different endpoint should return 200 - Making an API call from 127.0.0.1 to /get/image2.jpg",
              "timedOut": false,
              "duration": 9,
              "state": "passed",
              "speed": "fast",
              "pass": true,
              "fail": false,
              "pending": false,
              "context": null,
              "code": "chai\n            .request(server)\n            .get(endpoint2)\n            .end((err, res) => {\n                expect(res).to.have.status(200);\n                done();\n            });",
              "err": {},
              "uuid": "0ab70e3a-a87d-47cb-8d87-1cc6602c72b0",
              "parentUUID": "0afdbc6c-783d-482b-bb3d-f04ce27a0ee8",
              "isHook": false,
              "skipped": false
            },
            {
              "title": "Call #14 - This call is from mocked IP and so should return 200 - Making an API call from 10.2.2.1 to /get/image1.jpg",
              "fullTitle": "server() api calls. Call #14 - This call is from mocked IP and so should return 200 - Making an API call from 10.2.2.1 to /get/image1.jpg",
              "timedOut": false,
              "duration": 0,
              "state": "failed",
              "speed": null,
              "pass": false,
              "fail": true,
              "pending": false,
              "context": null,
              "code": "chai\n            .request(server)\n            .get(endpoint1)\n            .set(\"X-Forwarded-For\", mockedIP)\n            .end((err, res) => {\n                expect(res).to.have.status(200);\n            });\n        setTimeout(done, 1000 * 58);",
              "err": {
                "message": "AssertionError: expected { Object (_events, _eventsCount, ...) } to have status code 200 but got 401",
                "estack": "AssertionError: expected { Object (_events, _eventsCount, ...) } to have status code 200 but got 401\n    at chai.request.get.set.end (c:\\code\\node-api-rate-limit\\test\\app.test.js:73:37)\n    at Test.Request.callback (c:\\code\\node-api-rate-limit\\node_modules\\superagent\\lib\\node\\index.js:797:3)\n    at IncomingMessage.<anonymous> (c:\\code\\node-api-rate-limit\\node_modules\\superagent\\lib\\node\\index.js:990:12)\n    at endReadableNT (_stream_readable.js:1145:12)\n    at process._tickCallback (internal/process/next_tick.js:63:19)",
                "diff": null
              },
              "uuid": "f98c95b6-1554-48ec-9599-b9603e4badaa",
              "parentUUID": "0afdbc6c-783d-482b-bb3d-f04ce27a0ee8",
              "isHook": false,
              "skipped": false
            }
          ],
          "suites": [],
          "passes": [
            "62d0e873-6574-4385-9fc6-e353d5d89407",
            "6cec0c69-7399-4e92-aef1-966f2ad56337",
            "9a9b5098-26c0-4bab-b3bd-d36a6a887dd8",
            "ba66ad30-22f6-483c-8dd3-b8df7236c328",
            "dc89bc78-957f-4640-a2f7-8983d418ecbf",
            "05575505-a89f-411c-832e-fa1ca31a24a0",
            "8f35888c-1c41-478d-a4d9-8c8eb61f2920",
            "050da104-cae3-4894-bc09-b6759e4cbfc9",
            "551e49d1-c496-42b4-8467-69ad2fa06047",
            "a00e4a48-57ff-47f6-ba6b-1f9e94ed97d5",
            "fad60392-a0d8-43e0-ae35-d9d5436313f8",
            "0ab70e3a-a87d-47cb-8d87-1cc6602c72b0"
          ],
          "failures": [
            "f98c95b6-1554-48ec-9599-b9603e4badaa"
          ],
          "pending": [],
          "skipped": [],
          "duration": 113,
          "root": false,
          "rootEmpty": false,
          "_timeout": 68000
        }
      ],
      "passes": [],
      "failures": [],
      "pending": [],
      "skipped": [
        "17338cea-ce89-4f39-a68d-7460403e9838"
      ],
      "duration": 0,
      "root": true,
      "rootEmpty": false,
      "_timeout": 68000
    }
  ],
  "meta": {
    "mocha": {
      "version": "2.5.3"
    },
    "mochawesome": {
      "options": {
        "quiet": false,
        "reportFilename": "mochawesome",
        "saveHtml": true,
        "saveJson": true,
        "consoleReporter": "spec",
        "useInlineDiffs": false
      },
      "version": "4.1.0"
    },
    "marge": {
      "options": {},
      "version": "4.0.1"
    }
  }
}